<?xml version="1.0" encoding="UTF-8"?>
<coverage generated="1544816027875" clover="3.2.0">
  <project timestamp="1544816027875" name="All files">
    <metrics statements="28" coveredstatements="25" conditionals="6" coveredconditionals="4" methods="12" coveredmethods="11" elements="46" coveredelements="40" complexity="0" loc="28" ncloc="28" packages="3" files="10" classes="10">
      <package name="jest">
        <metrics statements="1" coveredstatements="1" conditionals="0" coveredconditionals="0" methods="0" coveredmethods="0"/>
        <file name="enzyme.js" path="D:\React Mentoring\HelloWorldTask\jest\enzyme.js">
          <metrics statements="1" coveredstatements="1" conditionals="0" coveredconditionals="0" methods="0" coveredmethods="0"/>
          <line num="4" count="11" type="stmt"/>
        </file>
      </package>
      <package name="src.components">
        <metrics statements="21" coveredstatements="20" conditionals="4" coveredconditionals="3" methods="9" coveredmethods="9"/>
        <file name="Content.js" path="D:\React Mentoring\HelloWorldTask\src\components\Content.js">
          <metrics statements="5" coveredstatements="4" conditionals="4" coveredconditionals="3" methods="2" coveredmethods="2"/>
          <line num="5" count="2" type="stmt"/>
          <line num="6" count="3" type="cond" truecount="3" falsecount="1"/>
          <line num="7" count="0" type="stmt"/>
          <line num="10" count="3" type="stmt"/>
          <line num="14" count="3" type="stmt"/>
        </file>
        <file name="Filter.js" path="D:\React Mentoring\HelloWorldTask\src\components\Filter.js">
          <metrics statements="3" coveredstatements="3" conditionals="0" coveredconditionals="0" methods="1" coveredmethods="1"/>
          <line num="4" count="3" type="stmt"/>
          <line num="5" count="4" type="stmt"/>
          <line num="15" count="3" type="stmt"/>
        </file>
        <file name="Footer.js" path="D:\React Mentoring\HelloWorldTask\src\components\Footer.js">
          <metrics statements="2" coveredstatements="2" conditionals="0" coveredconditionals="0" methods="1" coveredmethods="1"/>
          <line num="3" count="2" type="stmt"/>
          <line num="4" count="2" type="stmt"/>
        </file>
        <file name="Header.js" path="D:\React Mentoring\HelloWorldTask\src\components\Header.js">
          <metrics statements="2" coveredstatements="2" conditionals="0" coveredconditionals="0" methods="1" coveredmethods="1"/>
          <line num="5" count="1" type="stmt"/>
          <line num="6" count="1" type="stmt"/>
        </file>
        <file name="Movie.js" path="D:\React Mentoring\HelloWorldTask\src\components\Movie.js">
          <metrics statements="2" coveredstatements="2" conditionals="0" coveredconditionals="0" methods="1" coveredmethods="1"/>
          <line num="6" count="1" type="stmt"/>
          <line num="7" count="1" type="stmt"/>
        </file>
        <file name="MovieItem.js" path="D:\React Mentoring\HelloWorldTask\src\components\MovieItem.js">
          <metrics statements="3" coveredstatements="3" conditionals="0" coveredconditionals="0" methods="1" coveredmethods="1"/>
          <line num="4" count="3" type="stmt"/>
          <line num="5" count="3" type="stmt"/>
          <line num="19" count="3" type="stmt"/>
        </file>
        <file name="Search.js" path="D:\React Mentoring\HelloWorldTask\src\components\Search.js">
          <metrics statements="2" coveredstatements="2" conditionals="0" coveredconditionals="0" methods="1" coveredmethods="1"/>
          <line num="3" count="2" type="stmt"/>
          <line num="4" count="2" type="stmt"/>
        </file>
        <file name="Title.js" path="D:\React Mentoring\HelloWorldTask\src\components\Title.js">
          <metrics statements="2" coveredstatements="2" conditionals="0" coveredconditionals="0" methods="1" coveredmethods="1"/>
          <line num="3" count="3" type="stmt"/>
          <line num="4" count="3" type="stmt"/>
        </file>
      </package>
      <package name="src.error">
        <metrics statements="6" coveredstatements="4" conditionals="2" coveredconditionals="1" methods="3" coveredmethods="2"/>
        <file name="ErrorBoundary.js" path="D:\React Mentoring\HelloWorldTask\src\error\ErrorBoundary.js">
          <metrics statements="6" coveredstatements="4" conditionals="2" coveredconditionals="1" methods="3" coveredmethods="2"/>
          <line num="5" count="2" type="stmt"/>
          <line num="6" count="2" type="stmt"/>
          <line num="10" count="0" type="stmt"/>
          <line num="16" count="2" type="cond" truecount="1" falsecount="1"/>
          <line num="17" count="0" type="stmt"/>
          <line num="20" count="2" type="stmt"/>
        </file>
      </package>
    </metrics>
  </project>
</coverage>
